{"/app/src/calculator/calculator.ts": {"path":"/app/src/calculator/calculator.ts","statementMap":{"0":{"start":{"line":3,"column":19},"end":{"line":3,"column":20}},"1":{"start":{"line":4,"column":19},"end":{"line":4,"column":21}},"2":{"start":{"line":5,"column":17},"end":{"line":5,"column":18}},"3":{"start":{"line":6,"column":17},"end":{"line":6,"column":18}},"4":{"start":{"line":7,"column":18},"end":{"line":7,"column":20}},"5":{"start":{"line":8,"column":20},"end":{"line":8,"column":22}},"6":{"start":{"line":9,"column":19},"end":{"line":9,"column":21}},"7":{"start":{"line":10,"column":17},"end":{"line":10,"column":18}},"8":{"start":{"line":11,"column":17},"end":{"line":11,"column":18}},"9":{"start":{"line":12,"column":17},"end":{"line":12,"column":18}},"10":{"start":{"line":13,"column":19},"end":{"line":13,"column":21}},"11":{"start":{"line":14,"column":18},"end":{"line":14,"column":20}},"12":{"start":{"line":15,"column":19},"end":{"line":15,"column":20}},"13":{"start":{"line":16,"column":17},"end":{"line":16,"column":18}},"14":{"start":{"line":17,"column":20},"end":{"line":17,"column":25}},"15":{"start":{"line":18,"column":19},"end":{"line":18,"column":24}},"16":{"start":{"line":21,"column":4},"end":{"line":24,"column":null}},"17":{"start":{"line":22,"column":8},"end":{"line":22,"column":null}},"18":{"start":{"line":23,"column":8},"end":{"line":23,"column":null}},"19":{"start":{"line":27,"column":17},"end":{"line":27,"column":19}},"20":{"start":{"line":28,"column":4},"end":{"line":32,"column":null}},"21":{"start":{"line":28,"column":22},"end":{"line":28,"column":23}},"22":{"start":{"line":29,"column":8},"end":{"line":31,"column":null}},"23":{"start":{"line":30,"column":12},"end":{"line":30,"column":null}},"24":{"start":{"line":34,"column":4},"end":{"line":34,"column":null}},"25":{"start":{"line":37,"column":4},"end":{"line":69,"column":null}},"26":{"start":{"line":37,"column":22},"end":{"line":37,"column":23}},"27":{"start":{"line":38,"column":22},"end":{"line":38,"column":26}},"28":{"start":{"line":40,"column":8},"end":{"line":68,"column":null}},"29":{"start":{"line":41,"column":12},"end":{"line":41,"column":null}},"30":{"start":{"line":43,"column":12},"end":{"line":46,"column":null}},"31":{"start":{"line":44,"column":16},"end":{"line":44,"column":null}},"32":{"start":{"line":45,"column":16},"end":{"line":45,"column":null}},"33":{"start":{"line":48,"column":12},"end":{"line":67,"column":null}},"34":{"start":{"line":49,"column":16},"end":{"line":49,"column":null}},"35":{"start":{"line":50,"column":19},"end":{"line":67,"column":null}},"36":{"start":{"line":52,"column":31},"end":{"line":52,"column":32}},"37":{"start":{"line":53,"column":31},"end":{"line":53,"column":33}},"38":{"start":{"line":54,"column":16},"end":{"line":54,"column":null}},"39":{"start":{"line":55,"column":16},"end":{"line":60,"column":null}},"40":{"start":{"line":56,"column":20},"end":{"line":56,"column":null}},"41":{"start":{"line":56,"column":37},"end":{"line":56,"column":null}},"42":{"start":{"line":57,"column":20},"end":{"line":57,"column":null}},"43":{"start":{"line":57,"column":37},"end":{"line":57,"column":null}},"44":{"start":{"line":58,"column":20},"end":{"line":58,"column":null}},"45":{"start":{"line":58,"column":33},"end":{"line":58,"column":null}},"46":{"start":{"line":59,"column":20},"end":{"line":59,"column":null}},"47":{"start":{"line":61,"column":16},"end":{"line":61,"column":null}},"48":{"start":{"line":62,"column":29},"end":{"line":62,"column":38}},"49":{"start":{"line":63,"column":16},"end":{"line":63,"column":null}},"50":{"start":{"line":65,"column":16},"end":{"line":65,"column":null}},"51":{"start":{"line":66,"column":16},"end":{"line":66,"column":null}},"52":{"start":{"line":71,"column":4},"end":{"line":73,"column":null}},"53":{"start":{"line":72,"column":8},"end":{"line":72,"column":null}},"54":{"start":{"line":75,"column":4},"end":{"line":75,"column":null}},"55":{"start":{"line":76,"column":4},"end":{"line":76,"column":null}},"56":{"start":{"line":79,"column":4},"end":{"line":82,"column":null}},"57":{"start":{"line":80,"column":8},"end":{"line":80,"column":null}},"58":{"start":{"line":81,"column":8},"end":{"line":81,"column":null}},"59":{"start":{"line":85,"column":4},"end":{"line":87,"column":null}},"60":{"start":{"line":86,"column":8},"end":{"line":86,"column":null}},"61":{"start":{"line":90,"column":4},"end":{"line":92,"column":null}},"62":{"start":{"line":91,"column":8},"end":{"line":91,"column":null}},"63":{"start":{"line":95,"column":17},"end":{"line":95,"column":18}},"64":{"start":{"line":96,"column":4},"end":{"line":139,"column":null}},"65":{"start":{"line":97,"column":8},"end":{"line":138,"column":null}},"66":{"start":{"line":98,"column":26},"end":{"line":98,"column":33}},"67":{"start":{"line":99,"column":26},"end":{"line":99,"column":37}},"68":{"start":{"line":100,"column":25},"end":{"line":100,"column":32}},"69":{"start":{"line":101,"column":12},"end":{"line":101,"column":null}},"70":{"start":{"line":102,"column":12},"end":{"line":102,"column":null}},"71":{"start":{"line":103,"column":12},"end":{"line":103,"column":null}},"72":{"start":{"line":104,"column":15},"end":{"line":138,"column":null}},"73":{"start":{"line":105,"column":26},"end":{"line":105,"column":33}},"74":{"start":{"line":106,"column":26},"end":{"line":106,"column":37}},"75":{"start":{"line":107,"column":12},"end":{"line":110,"column":null}},"76":{"start":{"line":108,"column":16},"end":{"line":108,"column":null}},"77":{"start":{"line":109,"column":16},"end":{"line":109,"column":null}},"78":{"start":{"line":111,"column":25},"end":{"line":111,"column":32}},"79":{"start":{"line":112,"column":12},"end":{"line":112,"column":null}},"80":{"start":{"line":113,"column":12},"end":{"line":113,"column":null}},"81":{"start":{"line":114,"column":12},"end":{"line":114,"column":null}},"82":{"start":{"line":115,"column":15},"end":{"line":138,"column":null}},"83":{"start":{"line":116,"column":26},"end":{"line":116,"column":33}},"84":{"start":{"line":117,"column":26},"end":{"line":117,"column":37}},"85":{"start":{"line":118,"column":12},"end":{"line":121,"column":null}},"86":{"start":{"line":119,"column":16},"end":{"line":119,"column":null}},"87":{"start":{"line":120,"column":16},"end":{"line":120,"column":null}},"88":{"start":{"line":122,"column":25},"end":{"line":122,"column":32}},"89":{"start":{"line":123,"column":12},"end":{"line":123,"column":null}},"90":{"start":{"line":124,"column":12},"end":{"line":124,"column":null}},"91":{"start":{"line":125,"column":12},"end":{"line":125,"column":null}},"92":{"start":{"line":126,"column":15},"end":{"line":138,"column":null}},"93":{"start":{"line":127,"column":26},"end":{"line":127,"column":33}},"94":{"start":{"line":128,"column":26},"end":{"line":128,"column":37}},"95":{"start":{"line":129,"column":25},"end":{"line":129,"column":26}},"96":{"start":{"line":130,"column":12},"end":{"line":132,"column":null}},"97":{"start":{"line":130,"column":30},"end":{"line":130,"column":31}},"98":{"start":{"line":131,"column":16},"end":{"line":131,"column":null}},"99":{"start":{"line":133,"column":12},"end":{"line":133,"column":null}},"100":{"start":{"line":134,"column":12},"end":{"line":134,"column":null}},"101":{"start":{"line":135,"column":12},"end":{"line":135,"column":null}},"102":{"start":{"line":137,"column":12},"end":{"line":137,"column":null}},"103":{"start":{"line":142,"column":4},"end":{"line":142,"column":null}},"104":{"start":{"line":143,"column":4},"end":{"line":161,"column":null}},"105":{"start":{"line":144,"column":8},"end":{"line":160,"column":null}},"106":{"start":{"line":145,"column":26},"end":{"line":145,"column":33}},"107":{"start":{"line":146,"column":26},"end":{"line":146,"column":37}},"108":{"start":{"line":147,"column":25},"end":{"line":147,"column":32}},"109":{"start":{"line":148,"column":12},"end":{"line":148,"column":null}},"110":{"start":{"line":149,"column":12},"end":{"line":149,"column":null}},"111":{"start":{"line":150,"column":12},"end":{"line":150,"column":null}},"112":{"start":{"line":151,"column":15},"end":{"line":160,"column":null}},"113":{"start":{"line":152,"column":26},"end":{"line":152,"column":33}},"114":{"start":{"line":153,"column":26},"end":{"line":153,"column":37}},"115":{"start":{"line":154,"column":25},"end":{"line":154,"column":32}},"116":{"start":{"line":155,"column":12},"end":{"line":155,"column":null}},"117":{"start":{"line":156,"column":12},"end":{"line":156,"column":null}},"118":{"start":{"line":157,"column":12},"end":{"line":157,"column":null}},"119":{"start":{"line":159,"column":12},"end":{"line":159,"column":null}},"120":{"start":{"line":163,"column":4},"end":{"line":163,"column":null}},"121":{"start":{"line":166,"column":4},"end":{"line":173,"column":null}},"122":{"start":{"line":167,"column":8},"end":{"line":172,"column":null}},"123":{"start":{"line":168,"column":29},"end":{"line":168,"column":54}},"124":{"start":{"line":169,"column":12},"end":{"line":171,"column":null}},"125":{"start":{"line":170,"column":16},"end":{"line":170,"column":null}},"126":{"start":{"line":175,"column":4},"end":{"line":175,"column":null}},"127":{"start":{"line":176,"column":4},"end":{"line":176,"column":null}},"128":{"start":{"line":180,"column":0},"end":{"line":180,"column":null}},"129":{"start":{"line":181,"column":14},"end":{"line":181,"column":31}},"130":{"start":{"line":182,"column":0},"end":{"line":182,"column":null}},"131":{"start":{"line":184,"column":0},"end":{"line":184,"column":null}},"132":{"start":{"line":185,"column":14},"end":{"line":185,"column":33}},"133":{"start":{"line":186,"column":0},"end":{"line":186,"column":null}},"134":{"start":{"line":188,"column":0},"end":{"line":188,"column":null}},"135":{"start":{"line":189,"column":14},"end":{"line":189,"column":32}},"136":{"start":{"line":190,"column":0},"end":{"line":190,"column":null}},"137":{"start":{"line":192,"column":0},"end":{"line":192,"column":null}},"138":{"start":{"line":193,"column":14},"end":{"line":193,"column":31}},"139":{"start":{"line":194,"column":0},"end":{"line":194,"column":null}},"140":{"start":{"line":196,"column":0},"end":{"line":196,"column":null}},"141":{"start":{"line":197,"column":14},"end":{"line":197,"column":29}},"142":{"start":{"line":198,"column":0},"end":{"line":198,"column":null}},"143":{"start":{"line":200,"column":0},"end":{"line":200,"column":null}},"144":{"start":{"line":201,"column":14},"end":{"line":201,"column":41}},"145":{"start":{"line":202,"column":0},"end":{"line":202,"column":null}},"146":{"start":{"line":204,"column":0},"end":{"line":204,"column":null}},"147":{"start":{"line":205,"column":14},"end":{"line":205,"column":28}},"148":{"start":{"line":206,"column":0},"end":{"line":206,"column":null}},"149":{"start":{"line":208,"column":0},"end":{"line":208,"column":null}},"150":{"start":{"line":209,"column":14},"end":{"line":209,"column":22}},"151":{"start":{"line":210,"column":0},"end":{"line":210,"column":null}}},"fnMap":{"0":{"name":"calc","decl":{"start":{"line":2,"column":9},"end":{"line":2,"column":13}},"loc":{"start":{"line":2,"column":22},"end":{"line":177,"column":null}},"line":2}},"branchMap":{"0":{"loc":{"start":{"line":21,"column":4},"end":{"line":24,"column":null}},"type":"if","locations":[{"start":{"line":21,"column":4},"end":{"line":24,"column":null}},{"start":{},"end":{}}],"line":21},"1":{"loc":{"start":{"line":21,"column":8},"end":{"line":21,"column":52}},"type":"binary-expr","locations":[{"start":{"line":21,"column":8},"end":{"line":21,"column":19}},{"start":{"line":21,"column":23},"end":{"line":21,"column":39}},{"start":{"line":21,"column":43},"end":{"line":21,"column":52}}],"line":21},"2":{"loc":{"start":{"line":29,"column":8},"end":{"line":31,"column":null}},"type":"if","locations":[{"start":{"line":29,"column":8},"end":{"line":31,"column":null}},{"start":{},"end":{}}],"line":29},"3":{"loc":{"start":{"line":40,"column":8},"end":{"line":68,"column":null}},"type":"if","locations":[{"start":{"line":40,"column":8},"end":{"line":68,"column":null}},{"start":{"line":42,"column":15},"end":{"line":68,"column":null}}],"line":40},"4":{"loc":{"start":{"line":40,"column":12},"end":{"line":40,"column":47}},"type":"binary-expr","locations":[{"start":{"line":40,"column":12},"end":{"line":40,"column":21}},{"start":{"line":40,"column":25},"end":{"line":40,"column":34}},{"start":{"line":40,"column":38},"end":{"line":40,"column":47}}],"line":40},"5":{"loc":{"start":{"line":43,"column":12},"end":{"line":46,"column":null}},"type":"if","locations":[{"start":{"line":43,"column":12},"end":{"line":46,"column":null}},{"start":{},"end":{}}],"line":43},"6":{"loc":{"start":{"line":48,"column":12},"end":{"line":67,"column":null}},"type":"if","locations":[{"start":{"line":48,"column":12},"end":{"line":67,"column":null}},{"start":{"line":50,"column":19},"end":{"line":67,"column":null}}],"line":48},"7":{"loc":{"start":{"line":48,"column":16},"end":{"line":48,"column":90}},"type":"binary-expr","locations":[{"start":{"line":48,"column":16},"end":{"line":48,"column":25}},{"start":{"line":48,"column":29},"end":{"line":48,"column":38}},{"start":{"line":48,"column":42},"end":{"line":48,"column":51}},{"start":{"line":48,"column":55},"end":{"line":48,"column":64}},{"start":{"line":48,"column":68},"end":{"line":48,"column":77}},{"start":{"line":48,"column":81},"end":{"line":48,"column":90}}],"line":48},"8":{"loc":{"start":{"line":50,"column":19},"end":{"line":67,"column":null}},"type":"if","locations":[{"start":{"line":50,"column":19},"end":{"line":67,"column":null}},{"start":{"line":64,"column":19},"end":{"line":67,"column":null}}],"line":50},"9":{"loc":{"start":{"line":55,"column":23},"end":{"line":55,"column":46}},"type":"binary-expr","locations":[{"start":{"line":55,"column":23},"end":{"line":55,"column":35}},{"start":{"line":55,"column":39},"end":{"line":55,"column":46}}],"line":55},"10":{"loc":{"start":{"line":56,"column":20},"end":{"line":56,"column":null}},"type":"if","locations":[{"start":{"line":56,"column":20},"end":{"line":56,"column":null}},{"start":{},"end":{}}],"line":56},"11":{"loc":{"start":{"line":57,"column":20},"end":{"line":57,"column":null}},"type":"if","locations":[{"start":{"line":57,"column":20},"end":{"line":57,"column":null}},{"start":{},"end":{}}],"line":57},"12":{"loc":{"start":{"line":58,"column":20},"end":{"line":58,"column":null}},"type":"if","locations":[{"start":{"line":58,"column":20},"end":{"line":58,"column":null}},{"start":{},"end":{}}],"line":58},"13":{"loc":{"start":{"line":71,"column":4},"end":{"line":73,"column":null}},"type":"if","locations":[{"start":{"line":71,"column":4},"end":{"line":73,"column":null}},{"start":{},"end":{}}],"line":71},"14":{"loc":{"start":{"line":79,"column":4},"end":{"line":82,"column":null}},"type":"if","locations":[{"start":{"line":79,"column":4},"end":{"line":82,"column":null}},{"start":{},"end":{}}],"line":79},"15":{"loc":{"start":{"line":85,"column":4},"end":{"line":87,"column":null}},"type":"if","locations":[{"start":{"line":85,"column":4},"end":{"line":87,"column":null}},{"start":{},"end":{}}],"line":85},"16":{"loc":{"start":{"line":90,"column":4},"end":{"line":92,"column":null}},"type":"if","locations":[{"start":{"line":90,"column":4},"end":{"line":92,"column":null}},{"start":{},"end":{}}],"line":90},"17":{"loc":{"start":{"line":97,"column":8},"end":{"line":138,"column":null}},"type":"if","locations":[{"start":{"line":97,"column":8},"end":{"line":138,"column":null}},{"start":{"line":104,"column":15},"end":{"line":138,"column":null}}],"line":97},"18":{"loc":{"start":{"line":104,"column":15},"end":{"line":138,"column":null}},"type":"if","locations":[{"start":{"line":104,"column":15},"end":{"line":138,"column":null}},{"start":{"line":115,"column":15},"end":{"line":138,"column":null}}],"line":104},"19":{"loc":{"start":{"line":107,"column":12},"end":{"line":110,"column":null}},"type":"if","locations":[{"start":{"line":107,"column":12},"end":{"line":110,"column":null}},{"start":{},"end":{}}],"line":107},"20":{"loc":{"start":{"line":115,"column":15},"end":{"line":138,"column":null}},"type":"if","locations":[{"start":{"line":115,"column":15},"end":{"line":138,"column":null}},{"start":{"line":126,"column":15},"end":{"line":138,"column":null}}],"line":115},"21":{"loc":{"start":{"line":118,"column":12},"end":{"line":121,"column":null}},"type":"if","locations":[{"start":{"line":118,"column":12},"end":{"line":121,"column":null}},{"start":{},"end":{}}],"line":118},"22":{"loc":{"start":{"line":126,"column":15},"end":{"line":138,"column":null}},"type":"if","locations":[{"start":{"line":126,"column":15},"end":{"line":138,"column":null}},{"start":{"line":136,"column":15},"end":{"line":138,"column":null}}],"line":126},"23":{"loc":{"start":{"line":144,"column":8},"end":{"line":160,"column":null}},"type":"if","locations":[{"start":{"line":144,"column":8},"end":{"line":160,"column":null}},{"start":{"line":151,"column":15},"end":{"line":160,"column":null}}],"line":144},"24":{"loc":{"start":{"line":151,"column":15},"end":{"line":160,"column":null}},"type":"if","locations":[{"start":{"line":151,"column":15},"end":{"line":160,"column":null}},{"start":{"line":158,"column":15},"end":{"line":160,"column":null}}],"line":151},"25":{"loc":{"start":{"line":166,"column":4},"end":{"line":173,"column":null}},"type":"if","locations":[{"start":{"line":166,"column":4},"end":{"line":173,"column":null}},{"start":{},"end":{}}],"line":166},"26":{"loc":{"start":{"line":166,"column":8},"end":{"line":166,"column":39}},"type":"binary-expr","locations":[{"start":{"line":166,"column":8},"end":{"line":166,"column":19}},{"start":{"line":166,"column":23},"end":{"line":166,"column":39}}],"line":166},"27":{"loc":{"start":{"line":167,"column":8},"end":{"line":172,"column":null}},"type":"if","locations":[{"start":{"line":167,"column":8},"end":{"line":172,"column":null}},{"start":{},"end":{}}],"line":167},"28":{"loc":{"start":{"line":169,"column":12},"end":{"line":171,"column":null}},"type":"if","locations":[{"start":{"line":169,"column":12},"end":{"line":171,"column":null}},{"start":{},"end":{}}],"line":169}},"s":{"0":16,"1":16,"2":16,"3":16,"4":16,"5":16,"6":16,"7":16,"8":16,"9":16,"10":16,"11":16,"12":16,"13":16,"14":16,"15":16,"16":16,"17":1,"18":1,"19":15,"20":15,"21":15,"22":111,"23":83,"24":15,"25":15,"26":15,"27":65,"28":65,"29":39,"30":26,"31":16,"32":16,"33":26,"34":18,"35":8,"36":4,"37":4,"38":4,"39":4,"40":18,"41":0,"42":18,"43":4,"44":18,"45":14,"46":18,"47":4,"48":4,"49":4,"50":4,"51":4,"52":15,"53":14,"54":15,"55":15,"56":15,"57":1,"58":1,"59":14,"60":0,"61":14,"62":0,"63":14,"64":14,"65":18,"66":5,"67":5,"68":5,"69":5,"70":5,"71":5,"72":13,"73":3,"74":3,"75":3,"76":1,"77":1,"78":2,"79":2,"80":2,"81":2,"82":10,"83":1,"84":1,"85":1,"86":0,"87":0,"88":1,"89":1,"90":1,"91":1,"92":9,"93":1,"94":1,"95":1,"96":1,"97":1,"98":3,"99":1,"100":1,"101":1,"102":8,"103":13,"104":13,"105":8,"106":8,"107":8,"108":8,"109":8,"110":8,"111":8,"112":0,"113":0,"114":0,"115":0,"116":0,"117":0,"118":0,"119":0,"120":13,"121":13,"122":13,"123":0,"124":0,"125":0,"126":13,"127":13,"128":1,"129":1,"130":1,"131":1,"132":1,"133":1,"134":1,"135":1,"136":1,"137":1,"138":1,"139":1,"140":1,"141":1,"142":1,"143":1,"144":1,"145":1,"146":1,"147":1,"148":1,"149":1,"150":1,"151":1},"f":{"0":16},"b":{"0":[1,15],"1":[16,16,16],"2":[83,28],"3":[39,26],"4":[65,44,26],"5":[16,10],"6":[18,8],"7":[26,18,18,13,10,9],"8":[4,4],"9":[4,21],"10":[0,18],"11":[4,14],"12":[14,4],"13":[14,1],"14":[1,14],"15":[0,14],"16":[0,14],"17":[5,13],"18":[3,10],"19":[1,2],"20":[1,9],"21":[0,1],"22":[1,8],"23":[8,0],"24":[0,0],"25":[13,0],"26":[13,13],"27":[0,13],"28":[0,0]},"meta":{"lastBranch":29,"lastFunction":1,"lastStatement":152,"seen":{"f:2:9:2:13":0,"s:3:19:3:20":0,"s:4:19:4:21":1,"s:5:17:5:18":2,"s:6:17:6:18":3,"s:7:18:7:20":4,"s:8:20:8:22":5,"s:9:19:9:21":6,"s:10:17:10:18":7,"s:11:17:11:18":8,"s:12:17:12:18":9,"s:13:19:13:21":10,"s:14:18:14:20":11,"s:15:19:15:20":12,"s:16:17:16:18":13,"s:17:20:17:25":14,"s:18:19:18:24":15,"b:21:4:24:Infinity:undefined:undefined:undefined:undefined":0,"s:21:4:24:Infinity":16,"b:21:8:21:19:21:23:21:39:21:43:21:52":1,"s:22:8:22:Infinity":17,"s:23:8:23:Infinity":18,"s:27:17:27:19":19,"s:28:4:32:Infinity":20,"s:28:22:28:23":21,"b:29:8:31:Infinity:undefined:undefined:undefined:undefined":2,"s:29:8:31:Infinity":22,"s:30:12:30:Infinity":23,"s:34:4:34:Infinity":24,"s:37:4:69:Infinity":25,"s:37:22:37:23":26,"s:38:22:38:26":27,"b:40:8:68:Infinity:42:15:68:Infinity":3,"s:40:8:68:Infinity":28,"b:40:12:40:21:40:25:40:34:40:38:40:47":4,"s:41:12:41:Infinity":29,"b:43:12:46:Infinity:undefined:undefined:undefined:undefined":5,"s:43:12:46:Infinity":30,"s:44:16:44:Infinity":31,"s:45:16:45:Infinity":32,"b:48:12:67:Infinity:50:19:67:Infinity":6,"s:48:12:67:Infinity":33,"b:48:16:48:25:48:29:48:38:48:42:48:51:48:55:48:64:48:68:48:77:48:81:48:90":7,"s:49:16:49:Infinity":34,"b:50:19:67:Infinity:64:19:67:Infinity":8,"s:50:19:67:Infinity":35,"s:52:31:52:32":36,"s:53:31:53:33":37,"s:54:16:54:Infinity":38,"s:55:16:60:Infinity":39,"b:55:23:55:35:55:39:55:46":9,"b:56:20:56:Infinity:undefined:undefined:undefined:undefined":10,"s:56:20:56:Infinity":40,"s:56:37:56:Infinity":41,"b:57:20:57:Infinity:undefined:undefined:undefined:undefined":11,"s:57:20:57:Infinity":42,"s:57:37:57:Infinity":43,"b:58:20:58:Infinity:undefined:undefined:undefined:undefined":12,"s:58:20:58:Infinity":44,"s:58:33:58:Infinity":45,"s:59:20:59:Infinity":46,"s:61:16:61:Infinity":47,"s:62:29:62:38":48,"s:63:16:63:Infinity":49,"s:65:16:65:Infinity":50,"s:66:16:66:Infinity":51,"b:71:4:73:Infinity:undefined:undefined:undefined:undefined":13,"s:71:4:73:Infinity":52,"s:72:8:72:Infinity":53,"s:75:4:75:Infinity":54,"s:76:4:76:Infinity":55,"b:79:4:82:Infinity:undefined:undefined:undefined:undefined":14,"s:79:4:82:Infinity":56,"s:80:8:80:Infinity":57,"s:81:8:81:Infinity":58,"b:85:4:87:Infinity:undefined:undefined:undefined:undefined":15,"s:85:4:87:Infinity":59,"s:86:8:86:Infinity":60,"b:90:4:92:Infinity:undefined:undefined:undefined:undefined":16,"s:90:4:92:Infinity":61,"s:91:8:91:Infinity":62,"s:95:17:95:18":63,"s:96:4:139:Infinity":64,"b:97:8:138:Infinity:104:15:138:Infinity":17,"s:97:8:138:Infinity":65,"s:98:26:98:33":66,"s:99:26:99:37":67,"s:100:25:100:32":68,"s:101:12:101:Infinity":69,"s:102:12:102:Infinity":70,"s:103:12:103:Infinity":71,"b:104:15:138:Infinity:115:15:138:Infinity":18,"s:104:15:138:Infinity":72,"s:105:26:105:33":73,"s:106:26:106:37":74,"b:107:12:110:Infinity:undefined:undefined:undefined:undefined":19,"s:107:12:110:Infinity":75,"s:108:16:108:Infinity":76,"s:109:16:109:Infinity":77,"s:111:25:111:32":78,"s:112:12:112:Infinity":79,"s:113:12:113:Infinity":80,"s:114:12:114:Infinity":81,"b:115:15:138:Infinity:126:15:138:Infinity":20,"s:115:15:138:Infinity":82,"s:116:26:116:33":83,"s:117:26:117:37":84,"b:118:12:121:Infinity:undefined:undefined:undefined:undefined":21,"s:118:12:121:Infinity":85,"s:119:16:119:Infinity":86,"s:120:16:120:Infinity":87,"s:122:25:122:32":88,"s:123:12:123:Infinity":89,"s:124:12:124:Infinity":90,"s:125:12:125:Infinity":91,"b:126:15:138:Infinity:136:15:138:Infinity":22,"s:126:15:138:Infinity":92,"s:127:26:127:33":93,"s:128:26:128:37":94,"s:129:25:129:26":95,"s:130:12:132:Infinity":96,"s:130:30:130:31":97,"s:131:16:131:Infinity":98,"s:133:12:133:Infinity":99,"s:134:12:134:Infinity":100,"s:135:12:135:Infinity":101,"s:137:12:137:Infinity":102,"s:142:4:142:Infinity":103,"s:143:4:161:Infinity":104,"b:144:8:160:Infinity:151:15:160:Infinity":23,"s:144:8:160:Infinity":105,"s:145:26:145:33":106,"s:146:26:146:37":107,"s:147:25:147:32":108,"s:148:12:148:Infinity":109,"s:149:12:149:Infinity":110,"s:150:12:150:Infinity":111,"b:151:15:160:Infinity:158:15:160:Infinity":24,"s:151:15:160:Infinity":112,"s:152:26:152:33":113,"s:153:26:153:37":114,"s:154:25:154:32":115,"s:155:12:155:Infinity":116,"s:156:12:156:Infinity":117,"s:157:12:157:Infinity":118,"s:159:12:159:Infinity":119,"s:163:4:163:Infinity":120,"b:166:4:173:Infinity:undefined:undefined:undefined:undefined":25,"s:166:4:173:Infinity":121,"b:166:8:166:19:166:23:166:39":26,"b:167:8:172:Infinity:undefined:undefined:undefined:undefined":27,"s:167:8:172:Infinity":122,"s:168:29:168:54":123,"b:169:12:171:Infinity:undefined:undefined:undefined:undefined":28,"s:169:12:171:Infinity":124,"s:170:16:170:Infinity":125,"s:175:4:175:Infinity":126,"s:176:4:176:Infinity":127,"s:180:0:180:Infinity":128,"s:181:14:181:31":129,"s:182:0:182:Infinity":130,"s:184:0:184:Infinity":131,"s:185:14:185:33":132,"s:186:0:186:Infinity":133,"s:188:0:188:Infinity":134,"s:189:14:189:32":135,"s:190:0:190:Infinity":136,"s:192:0:192:Infinity":137,"s:193:14:193:31":138,"s:194:0:194:Infinity":139,"s:196:0:196:Infinity":140,"s:197:14:197:29":141,"s:198:0:198:Infinity":142,"s:200:0:200:Infinity":143,"s:201:14:201:41":144,"s:202:0:202:Infinity":145,"s:204:0:204:Infinity":146,"s:205:14:205:28":147,"s:206:0:206:Infinity":148,"s:208:0:208:Infinity":149,"s:209:14:209:22":150,"s:210:0:210:Infinity":151}}}
}
